<?xml version="1.0" encoding="UTF-8"?>
<beans xmlns="http://www.springframework.org/schema/beans"
       xmlns:xsi="http://www.w3.org/2001/XMLSchema-instance"
       xmlns:oxm="http://www.springframework.org/schema/oxm"
       xsi:schemaLocation="http://www.springframework.org/schema/beans http://www.springframework.org/schema/beans/spring-beans.xsd
       http://www.springframework.org/schema/oxm http://www.springframework.org/schema/oxm/spring-oxm.xsd">

    <oxm:jaxb2-marshaller id="testMarshaller">
        <oxm:class-to-be-bound name="com.smc.webservices.AvailableTariffsResponse"/>
        <oxm:class-to-be-bound name="com.smc.products.datamodule.ArrayOfDataModule"/>
        <oxm:class-to-be-bound name="com.smc.products.datamodule.DataModule"/>
    </oxm:jaxb2-marshaller>
</beans>
